  Using triplet "x86-windows" from "C:\Users\Admin\Downloads\vcpkg\installed\x86-windows\"
  BOSS.cpp
  BOSS1.cpp
  BOSS2.cpp
  Box.cpp
  Bui.cpp
  Camera.cpp
  CuaDanhBoss.cpp
  DanLv.cpp
  DanLv1.cpp
  DanLv2.cpp
  DanLv3.cpp
  DanNo1.cpp
  DanSang.cpp
  DoiTuong.cpp
  DS_HinhAnh.cpp
  Ech.cpp
  Game.cpp
  GameDebugDraw.cpp
  GameLog.cpp
  HieuUngBatRa.cpp
  Generating Code...
  Compiling...
  HieuUngMap.cpp
  HieuUngLuot.cpp
  HinhAnh.cpp
  HoatHinh.cpp
  HongTam.cpp
  Item.cpp
  LoCot.cpp
  main.cpp
  C:\Program Files (x86)\Microsoft DirectX SDK (June 2010)\include\dinput.h: DIRECTINPUT_VERSION undefined. Defaulting to version 0x0800
  Man1.cpp
  MayBay.cpp
  OngCon.cpp
  Pet1.cpp
  Pet2.cpp
  QuadTree.cpp
  QuanLyManGame.cpp
  Sound.cpp
  TenLua.cpp
  ThangMay.cpp
  ThanhMau.cpp
  ThoiGianGame.cpp
  Generating Code...
  Compiling...
  ToanCauGame.cpp
  TrucXoay.cpp
  VaChamGame.cpp
  XacUop.cpp
  XMan.cpp
  Generating Code...
  My_Game.vcxproj -> D:\Downloads\DownloadC\Megaman-X3\My_Game\Debug\My_Game.exe
